<?xml version="1.0" encoding="UTF-8"?>
<!-- Generated by org.testng.reporters.JUnitReportReporter -->
<testsuite hostname="bcedbeeceddebdccfbfabccecfaaebcecfbfc-0" failures="0" tests="3" name="runner.Testcase" time="24.483" errors="0" timestamp="2023-08-30T09:23:07 UTC" skipped="0">
  <testcase classname="runner.Testcase" name="loginTest" time="5.561"/>
  <testcase classname="runner.Testcase" name="loginTest" time="7.004"/>
  <testcase classname="runner.Testcase" name="SearchTest" time="11.918"/>
</testsuite> <!-- runner.Testcase -->
