<?xml version="1.0" encoding="UTF-8"?>
<!-- Generated by org.testng.reporters.JUnitReportReporter -->
<testsuite hostname="bcedbeeceddebdccfbfabccecfaaebcecfbfc-0" failures="0" tests="3" name="runner.Testcase" time="24.673" errors="0" timestamp="2023-08-30T08:09:22 UTC" skipped="0">
  <testcase classname="runner.Testcase" name="loginTest" time="7.560"/>
  <testcase classname="runner.Testcase" name="loginTest" time="6.067"/>
  <testcase classname="runner.Testcase" name="SearchTest" time="11.046"/>
</testsuite> <!-- runner.Testcase -->
