<?xml version="1.0" encoding="UTF-8"?>
<!-- Generated by org.testng.reporters.JUnitReportReporter -->
<testsuite hostname="bcedbeeceddebdccfbfabccecfaaebcecfbfc-0" failures="0" tests="3" name="runner.Testcase" time="30.896" errors="0" timestamp="2023-08-30T09:35:35 UTC" skipped="0">
  <testcase classname="runner.Testcase" name="loginTest" time="7.459"/>
  <testcase classname="runner.Testcase" name="loginTest" time="7.076"/>
  <testcase classname="runner.Testcase" name="SearchTest" time="16.361"/>
</testsuite> <!-- runner.Testcase -->
