<?xml version="1.0" encoding="UTF-8"?>
<!-- Generated by org.testng.reporters.JUnitReportReporter -->
<testsuite hostname="bcedbeeceddebdccfbfabccecfaaebcecfbfc-0" failures="0" tests="3" name="runner.Testcase" time="24.120" errors="0" timestamp="2023-08-30T08:25:04 UTC" skipped="0">
  <testcase classname="runner.Testcase" name="loginTest" time="6.954"/>
  <testcase classname="runner.Testcase" name="loginTest" time="5.940"/>
  <testcase classname="runner.Testcase" name="SearchTest" time="11.226"/>
</testsuite> <!-- runner.Testcase -->
